<?xml version="1.0" encoding="UTF-8"?>
<!-- Generated by org.testng.reporters.JUnitXMLReporter -->
<testsuite ignored="0" hostname="LAPTOP-0G3UA0B2" failures="0" tests="12" name="Test" time="90.751" errors="0" timestamp="08 Mar 2024 10:57:43 GMT">
  <testcase classname="com.crm.qa.testcases.BankManagerLoginPageTest" name="testBankManagerLogin" time="3.534"/>
  <testcase classname="com.crm.qa.testcases.CustomerLoginTest" name="customerlogin" time="1.266"/>
  <testcase classname="com.crm.qa.testcases.AddCustomerPageTest" name="AddCustomerNotExist" time="1.007"/>
  <testcase classname="com.crm.qa.testcases.TransactionPageTest" name="Verify_Deposit_With_ValideAmmount" time="1.005"/>
  <testcase classname="com.crm.qa.testcases.OpenAccountPageTest" name="OpenAccount" time="11.046"/>
  <testcase classname="com.crm.qa.testcases.DepositTest" name="VerifyDepositWithValidAmount" time="1.907"/>
  <testcase classname="com.crm.qa.testcases.ViewCustomersPageTest" name="DeleteCustomerEntry" time="0.708"/>
  <testcase classname="com.crm.qa.testcases.WithdrawlTest" name="Verify_Withdraw_With_ValideAmmount" time="11.787"/>
  <testcase classname="com.crm.qa.testcases.DepositTest" name="VerifyDepositWithInvalidAmount" time="1.903"/>
  <testcase classname="com.crm.qa.testcases.AddCustomerPageTest" name="AddCustomerExist" time="2.477"/>
  <testcase classname="com.crm.qa.testcases.WithdrawlTest" name="Verify_Withdraw_With_InValideAmmount" time="10.795"/>
  <testcase classname="com.crm.qa.testcases.WithdrawlTest" name="Verify_Withdraw_With_InSufficient" time="11.786"/>
</testsuite> <!-- Test -->
