<?xml version="1.0" encoding="UTF-8"?>
<!-- Generated by org.testng.reporters.JUnitXMLReporter -->
<testsuite ignored="0" hostname="LAPTOP-0G3UA0B2" failures="0" tests="12" name="Test" time="91.236" errors="0" timestamp="08 Mar 2024 10:59:36 GMT">
  <testcase classname="com.crm.qa.testcases.BankManagerLoginPageTest" name="testBankManagerLogin" time="3.834"/>
  <testcase classname="com.crm.qa.testcases.CustomerLoginTest" name="customerlogin" time="1.382"/>
  <testcase classname="com.crm.qa.testcases.AddCustomerPageTest" name="AddCustomerNotExist" time="1.033"/>
  <testcase classname="com.crm.qa.testcases.TransactionPageTest" name="Verify_Deposit_With_ValideAmmount" time="1.043"/>
  <testcase classname="com.crm.qa.testcases.OpenAccountPageTest" name="OpenAccount" time="11.135"/>
  <testcase classname="com.crm.qa.testcases.DepositTest" name="VerifyDepositWithValidAmount" time="1.919"/>
  <testcase classname="com.crm.qa.testcases.ViewCustomersPageTest" name="DeleteCustomerEntry" time="0.717"/>
  <testcase classname="com.crm.qa.testcases.WithdrawlTest" name="Verify_Withdraw_With_ValideAmmount" time="11.873"/>
  <testcase classname="com.crm.qa.testcases.DepositTest" name="VerifyDepositWithInvalidAmount" time="1.803"/>
  <testcase classname="com.crm.qa.testcases.AddCustomerPageTest" name="AddCustomerExist" time="2.498"/>
  <testcase classname="com.crm.qa.testcases.WithdrawlTest" name="Verify_Withdraw_With_InValideAmmount" time="10.845"/>
  <testcase classname="com.crm.qa.testcases.WithdrawlTest" name="Verify_Withdraw_With_InSufficient" time="11.775"/>
</testsuite> <!-- Test -->
