<?xml version="1.0" encoding="UTF-8"?>
<!-- Generated by org.testng.reporters.JUnitXMLReporter -->
<testsuite ignored="0" hostname="LAPTOP-0G3UA0B2" failures="0" tests="12" name="Test" time="101.655" errors="0" timestamp="08 Mar 2024 14:32:43 GMT">
  <testcase classname="com.crm.qa.testcases.BankManagerLoginPageTest" name="testBankManagerLogin" time="3.609"/>
  <testcase classname="com.crm.qa.testcases.CustomerLoginTest" name="customerlogin" time="1.449"/>
  <testcase classname="com.crm.qa.testcases.AddCustomerPageTest" name="AddCustomerNotExist" time="1.298"/>
  <testcase classname="com.crm.qa.testcases.TransactionPageTest" name="Verify_Deposit_With_ValidAmount" time="1.324"/>
  <testcase classname="com.crm.qa.testcases.OpenAccountPageTest" name="OpenAccount" time="11.836"/>
  <testcase classname="com.crm.qa.testcases.DepositTest" name="VerifyDepositWithValidAmount" time="2.744"/>
  <testcase classname="com.crm.qa.testcases.ViewCustomersPageTest" name="DeleteCustomerEntry" time="0.997"/>
  <testcase classname="com.crm.qa.testcases.WithdrawlTest" name="Verify_Withdraw_With_ValidAmount" time="12.987"/>
  <testcase classname="com.crm.qa.testcases.DepositTest" name="VerifyDepositWithInvalidAmount" time="2.509"/>
  <testcase classname="com.crm.qa.testcases.AddCustomerPageTest" name="AddCustomerExist" time="3.06"/>
  <testcase classname="com.crm.qa.testcases.WithdrawlTest" name="Verify_Withdraw_With_InvalidAmount" time="11.535"/>
  <testcase classname="com.crm.qa.testcases.WithdrawlTest" name="Verify_Withdraw_With_Insufficient" time="12.788"/>
</testsuite> <!-- Test -->
