<?xml version="1.0" encoding="UTF-8"?>
<testsuite xmlns:xsi="http://www.w3.org/2001/XMLSchema-instance" xsi:noNamespaceSchemaLocation="https://maven.apache.org/surefire/maven-surefire-plugin/xsd/surefire-test-report.xsd" name="TestSuite" time="103.177" tests="12" errors="0" skipped="0" failures="0">
  <properties>
[...]
</properties>
  <testcase name="testBankManagerLogin" classname="com.crm.qa.testcases.BankManagerLoginPageTest" time="3.608"/>
  <testcase name="customerlogin" classname="com.crm.qa.testcases.CustomerLoginTest" time="1.449"/>
  <testcase name="AddCustomerNotExist" classname="com.crm.qa.testcases.AddCustomerPageTest" time="1.3"/>
  <testcase name="Verify_Deposit_With_ValidAmount" classname="com.crm.qa.testcases.TransactionPageTest" time="1.323"/>
  <testcase name="OpenAccount" classname="com.crm.qa.testcases.OpenAccountPageTest" time="11.836"/>
  <testcase name="VerifyDepositWithValidAmount" classname="com.crm.qa.testcases.DepositTest" time="2.745"/>
  <testcase name="DeleteCustomerEntry" classname="com.crm.qa.testcases.ViewCustomersPageTest" time="0.997"/>
  <testcase name="Verify_Withdraw_With_ValidAmount" classname="com.crm.qa.testcases.WithdrawlTest" time="12.986"/>
  <testcase name="VerifyDepositWithInvalidAmount" classname="com.crm.qa.testcases.DepositTest" time="2.51"/>
  <testcase name="AddCustomerExist" classname="com.crm.qa.testcases.AddCustomerPageTest" time="3.06"/>
  <testcase name="Verify_Withdraw_With_InvalidAmount" classname="com.crm.qa.testcases.WithdrawlTest" time="11.535"/>
  <testcase name="Verify_Withdraw_With_Insufficient" classname="com.crm.qa.testcases.WithdrawlTest" time="12.789"/>
</testsuite>