<?xml version="1.0" encoding="UTF-8"?>
<testng-results ignored="0" total="12" passed="12" failed="0" skipped="0">
  <reporter-output>
  </reporter-output>
  <suite started-at="2024-03-08T14:31:02Z" name="Suite" finished-at="2024-03-08T14:32:43Z" duration-ms="101655">
    <groups>
    </groups>
    <test started-at="2024-03-08T14:31:02Z" name="Test" finished-at="2024-03-08T14:32:43Z" duration-ms="101655">
      <class name="com.crm.qa.testcases.CustomerLoginTest">
        <test-method is-config="true" signature="setUp()[pri:0, instance:com.crm.qa.testcases.CustomerLoginTest@2141a12]" started-at="2024-03-08T20:01:08Z" name="setUp" finished-at="2024-03-08T20:01:10Z" duration-ms="1905" status="PASS">
          <reporter-output>
          </reporter-output>
        </test-method> <!-- setUp -->
        <test-method signature="customerlogin()[pri:1, instance:com.crm.qa.testcases.CustomerLoginTest@2141a12]" started-at="2024-03-08T20:01:10Z" name="customerlogin" finished-at="2024-03-08T20:01:12Z" duration-ms="1449" status="PASS">
          <reporter-output>
          </reporter-output>
        </test-method> <!-- customerlogin -->
        <test-method is-config="true" signature="tearDown()[pri:0, instance:com.crm.qa.testcases.CustomerLoginTest@2141a12]" started-at="2024-03-08T20:01:12Z" name="tearDown" finished-at="2024-03-08T20:01:12Z" duration-ms="295" status="PASS">
          <reporter-output>
          </reporter-output>
        </test-method> <!-- tearDown -->
        <test-method is-config="true" signature="teardownBrowser()[pri:0, instance:com.crm.qa.testcases.CustomerLoginTest@2141a12]" started-at="2024-03-08T20:01:12Z" name="teardownBrowser" finished-at="2024-03-08T20:01:12Z" duration-ms="0" status="PASS">
          <reporter-output>
          </reporter-output>
        </test-method> <!-- teardownBrowser -->
      </class> <!-- com.crm.qa.testcases.CustomerLoginTest -->
      <class name="com.crm.qa.testcases.AddCustomerPageTest">
        <test-method is-config="true" signature="setUp()[pri:0, instance:com.crm.qa.testcases.AddCustomerPageTest@573906eb]" started-at="2024-03-08T20:01:12Z" name="setUp" finished-at="2024-03-08T20:01:14Z" duration-ms="2232" status="PASS">
          <reporter-output>
          </reporter-output>
        </test-method> <!-- setUp -->
        <test-method signature="AddCustomerNotExist()[pri:1, instance:com.crm.qa.testcases.AddCustomerPageTest@573906eb]" started-at="2024-03-08T20:01:14Z" name="AddCustomerNotExist" finished-at="2024-03-08T20:01:15Z" duration-ms="1298" status="PASS">
          <reporter-output>
          </reporter-output>
        </test-method> <!-- AddCustomerNotExist -->
        <test-method is-config="true" signature="tearDown()[pri:0, instance:com.crm.qa.testcases.AddCustomerPageTest@573906eb]" started-at="2024-03-08T20:01:15Z" name="tearDown" finished-at="2024-03-08T20:01:16Z" duration-ms="237" status="PASS">
          <reporter-output>
          </reporter-output>
        </test-method> <!-- tearDown -->
        <test-method is-config="true" signature="teardownBrowser()[pri:0, instance:com.crm.qa.testcases.AddCustomerPageTest@573906eb]" started-at="2024-03-08T20:01:16Z" name="teardownBrowser" finished-at="2024-03-08T20:01:16Z" duration-ms="0" status="PASS">
          <reporter-output>
          </reporter-output>
        </test-method> <!-- teardownBrowser -->
        <test-method is-config="true" signature="setUp()[pri:0, instance:com.crm.qa.testcases.AddCustomerPageTest@573906eb]" started-at="2024-03-08T20:02:07Z" name="setUp" finished-at="2024-03-08T20:02:09Z" duration-ms="2531" status="PASS">
          <reporter-output>
          </reporter-output>
        </test-method> <!-- setUp -->
        <test-method signature="AddCustomerExist()[pri:2, instance:com.crm.qa.testcases.AddCustomerPageTest@573906eb]" started-at="2024-03-08T20:02:09Z" name="AddCustomerExist" finished-at="2024-03-08T20:02:12Z" depends-on-methods="com.crm.qa.testcases.AddCustomerPageTest.AddCustomerNotExist" duration-ms="3060" status="PASS">
          <reporter-output>
          </reporter-output>
        </test-method> <!-- AddCustomerExist -->
        <test-method is-config="true" signature="tearDown()[pri:0, instance:com.crm.qa.testcases.AddCustomerPageTest@573906eb]" started-at="2024-03-08T20:02:12Z" name="tearDown" finished-at="2024-03-08T20:02:13Z" duration-ms="289" status="PASS">
          <reporter-output>
          </reporter-output>
        </test-method> <!-- tearDown -->
        <test-method is-config="true" signature="teardownBrowser()[pri:0, instance:com.crm.qa.testcases.AddCustomerPageTest@573906eb]" started-at="2024-03-08T20:02:13Z" name="teardownBrowser" finished-at="2024-03-08T20:02:13Z" duration-ms="0" status="PASS">
          <reporter-output>
          </reporter-output>
        </test-method> <!-- teardownBrowser -->
      </class> <!-- com.crm.qa.testcases.AddCustomerPageTest -->
      <class name="com.crm.qa.testcases.BankManagerLoginPageTest">
        <test-method is-config="true" signature="setUp()[pri:0, instance:com.crm.qa.testcases.BankManagerLoginPageTest@20435c40]" started-at="2024-03-08T20:01:02Z" name="setUp" finished-at="2024-03-08T20:01:04Z" duration-ms="2552" status="PASS">
          <reporter-output>
          </reporter-output>
        </test-method> <!-- setUp -->
        <test-method signature="testBankManagerLogin()[pri:0, instance:com.crm.qa.testcases.BankManagerLoginPageTest@20435c40]" started-at="2024-03-08T20:01:04Z" name="testBankManagerLogin" finished-at="2024-03-08T20:01:08Z" duration-ms="3609" status="PASS">
          <reporter-output>
          </reporter-output>
        </test-method> <!-- testBankManagerLogin -->
        <test-method is-config="true" signature="tearDown()[pri:0, instance:com.crm.qa.testcases.BankManagerLoginPageTest@20435c40]" started-at="2024-03-08T20:01:08Z" name="tearDown" finished-at="2024-03-08T20:01:08Z" duration-ms="322" status="PASS">
          <reporter-output>
          </reporter-output>
        </test-method> <!-- tearDown -->
        <test-method is-config="true" signature="teardownBrowser()[pri:0, instance:com.crm.qa.testcases.BankManagerLoginPageTest@20435c40]" started-at="2024-03-08T20:01:08Z" name="teardownBrowser" finished-at="2024-03-08T20:01:08Z" duration-ms="0" status="PASS">
          <reporter-output>
          </reporter-output>
        </test-method> <!-- teardownBrowser -->
      </class> <!-- com.crm.qa.testcases.BankManagerLoginPageTest -->
      <class name="com.crm.qa.testcases.TransactionPageTest">
        <test-method is-config="true" signature="setUp()[pri:0, instance:com.crm.qa.testcases.TransactionPageTest@4196c360]" started-at="2024-03-08T20:01:16Z" name="setUp" finished-at="2024-03-08T20:01:18Z" duration-ms="2628" status="PASS">
          <reporter-output>
          </reporter-output>
        </test-method> <!-- setUp -->
        <test-method signature="Verify_Deposit_With_ValidAmount()[pri:1, instance:com.crm.qa.testcases.TransactionPageTest@4196c360]" started-at="2024-03-08T20:01:18Z" name="Verify_Deposit_With_ValidAmount" finished-at="2024-03-08T20:01:20Z" duration-ms="1324" status="PASS">
          <reporter-output>
          </reporter-output>
        </test-method> <!-- Verify_Deposit_With_ValidAmount -->
        <test-method is-config="true" signature="tearDown()[pri:0, instance:com.crm.qa.testcases.TransactionPageTest@4196c360]" started-at="2024-03-08T20:01:20Z" name="tearDown" finished-at="2024-03-08T20:01:20Z" duration-ms="207" status="PASS">
          <reporter-output>
          </reporter-output>
        </test-method> <!-- tearDown -->
        <test-method is-config="true" signature="teardownBrowser()[pri:0, instance:com.crm.qa.testcases.TransactionPageTest@4196c360]" started-at="2024-03-08T20:01:20Z" name="teardownBrowser" finished-at="2024-03-08T20:01:20Z" duration-ms="1" status="PASS">
          <reporter-output>
          </reporter-output>
        </test-method> <!-- teardownBrowser -->
      </class> <!-- com.crm.qa.testcases.TransactionPageTest -->
      <class name="com.crm.qa.testcases.ViewCustomersPageTest">
        <test-method is-config="true" signature="setUp()[pri:0, instance:com.crm.qa.testcases.ViewCustomersPageTest@6d07a63d]" started-at="2024-03-08T20:01:41Z" name="setUp" finished-at="2024-03-08T20:01:43Z" duration-ms="2837" status="PASS">
          <reporter-output>
          </reporter-output>
        </test-method> <!-- setUp -->
        <test-method signature="DeleteCustomerEntry()[pri:1, instance:com.crm.qa.testcases.ViewCustomersPageTest@6d07a63d]" started-at="2024-03-08T20:01:43Z" name="DeleteCustomerEntry" finished-at="2024-03-08T20:01:44Z" duration-ms="997" status="PASS">
          <reporter-output>
          </reporter-output>
        </test-method> <!-- DeleteCustomerEntry -->
        <test-method is-config="true" signature="tearDown()[pri:0, instance:com.crm.qa.testcases.ViewCustomersPageTest@6d07a63d]" started-at="2024-03-08T20:01:44Z" name="tearDown" finished-at="2024-03-08T20:01:45Z" duration-ms="185" status="PASS">
          <reporter-output>
          </reporter-output>
        </test-method> <!-- tearDown -->
        <test-method is-config="true" signature="teardownBrowser()[pri:0, instance:com.crm.qa.testcases.ViewCustomersPageTest@6d07a63d]" started-at="2024-03-08T20:01:45Z" name="teardownBrowser" finished-at="2024-03-08T20:01:45Z" duration-ms="0" status="PASS">
          <reporter-output>
          </reporter-output>
        </test-method> <!-- teardownBrowser -->
      </class> <!-- com.crm.qa.testcases.ViewCustomersPageTest -->
      <class name="com.crm.qa.testcases.DepositTest">
        <test-method is-config="true" signature="setUp()[pri:0, instance:com.crm.qa.testcases.DepositTest@41294f8]" started-at="2024-03-08T20:01:34Z" name="setUp" finished-at="2024-03-08T20:01:38Z" duration-ms="3084" status="PASS">
          <reporter-output>
          </reporter-output>
        </test-method> <!-- setUp -->
        <test-method signature="VerifyDepositWithValidAmount()[pri:1, instance:com.crm.qa.testcases.DepositTest@41294f8]" started-at="2024-03-08T20:01:38Z" name="VerifyDepositWithValidAmount" finished-at="2024-03-08T20:01:40Z" duration-ms="2744" status="PASS">
          <reporter-output>
          </reporter-output>
        </test-method> <!-- VerifyDepositWithValidAmount -->
        <test-method is-config="true" signature="tearDown()[pri:0, instance:com.crm.qa.testcases.DepositTest@41294f8]" started-at="2024-03-08T20:01:40Z" name="tearDown" finished-at="2024-03-08T20:01:41Z" duration-ms="278" status="PASS">
          <reporter-output>
          </reporter-output>
        </test-method> <!-- tearDown -->
        <test-method is-config="true" signature="teardownBrowser()[pri:0, instance:com.crm.qa.testcases.DepositTest@41294f8]" started-at="2024-03-08T20:01:41Z" name="teardownBrowser" finished-at="2024-03-08T20:01:41Z" duration-ms="0" status="PASS">
          <reporter-output>
          </reporter-output>
        </test-method> <!-- teardownBrowser -->
        <test-method is-config="true" signature="setUp()[pri:0, instance:com.crm.qa.testcases.DepositTest@41294f8]" started-at="2024-03-08T20:02:01Z" name="setUp" finished-at="2024-03-08T20:02:04Z" duration-ms="2973" status="PASS">
          <reporter-output>
          </reporter-output>
        </test-method> <!-- setUp -->
        <test-method signature="VerifyDepositWithInvalidAmount()[pri:2, instance:com.crm.qa.testcases.DepositTest@41294f8]" started-at="2024-03-08T20:02:04Z" name="VerifyDepositWithInvalidAmount" finished-at="2024-03-08T20:02:07Z" duration-ms="2509" status="PASS">
          <reporter-output>
          </reporter-output>
        </test-method> <!-- VerifyDepositWithInvalidAmount -->
        <test-method is-config="true" signature="tearDown()[pri:0, instance:com.crm.qa.testcases.DepositTest@41294f8]" started-at="2024-03-08T20:02:07Z" name="tearDown" finished-at="2024-03-08T20:02:07Z" duration-ms="282" status="PASS">
          <reporter-output>
          </reporter-output>
        </test-method> <!-- tearDown -->
        <test-method is-config="true" signature="teardownBrowser()[pri:0, instance:com.crm.qa.testcases.DepositTest@41294f8]" started-at="2024-03-08T20:02:07Z" name="teardownBrowser" finished-at="2024-03-08T20:02:07Z" duration-ms="1" status="PASS">
          <reporter-output>
          </reporter-output>
        </test-method> <!-- teardownBrowser -->
      </class> <!-- com.crm.qa.testcases.DepositTest -->
      <class name="com.crm.qa.testcases.WithdrawlTest">
        <test-method is-config="true" signature="setUp()[pri:0, instance:com.crm.qa.testcases.WithdrawlTest@225129c]" started-at="2024-03-08T20:01:45Z" name="setUp" finished-at="2024-03-08T20:01:48Z" duration-ms="3172" status="PASS">
          <reporter-output>
          </reporter-output>
        </test-method> <!-- setUp -->
        <test-method signature="Verify_Withdraw_With_ValidAmount()[pri:1, instance:com.crm.qa.testcases.WithdrawlTest@225129c]" started-at="2024-03-08T20:01:48Z" name="Verify_Withdraw_With_ValidAmount" finished-at="2024-03-08T20:02:01Z" duration-ms="12987" status="PASS">
          <reporter-output>
          </reporter-output>
        </test-method> <!-- Verify_Withdraw_With_ValidAmount -->
        <test-method is-config="true" signature="tearDown()[pri:0, instance:com.crm.qa.testcases.WithdrawlTest@225129c]" started-at="2024-03-08T20:02:01Z" name="tearDown" finished-at="2024-03-08T20:02:01Z" duration-ms="322" status="PASS">
          <reporter-output>
          </reporter-output>
        </test-method> <!-- tearDown -->
        <test-method is-config="true" signature="teardownBrowser()[pri:0, instance:com.crm.qa.testcases.WithdrawlTest@225129c]" started-at="2024-03-08T20:02:01Z" name="teardownBrowser" finished-at="2024-03-08T20:02:01Z" duration-ms="0" status="PASS">
          <reporter-output>
          </reporter-output>
        </test-method> <!-- teardownBrowser -->
        <test-method is-config="true" signature="setUp()[pri:0, instance:com.crm.qa.testcases.WithdrawlTest@225129c]" started-at="2024-03-08T20:02:13Z" name="setUp" finished-at="2024-03-08T20:02:15Z" duration-ms="2566" status="PASS">
          <reporter-output>
          </reporter-output>
        </test-method> <!-- setUp -->
        <test-method signature="Verify_Withdraw_With_InvalidAmount()[pri:2, instance:com.crm.qa.testcases.WithdrawlTest@225129c]" started-at="2024-03-08T20:02:15Z" name="Verify_Withdraw_With_InvalidAmount" finished-at="2024-03-08T20:02:27Z" duration-ms="11535" status="PASS">
          <reporter-output>
          </reporter-output>
        </test-method> <!-- Verify_Withdraw_With_InvalidAmount -->
        <test-method is-config="true" signature="tearDown()[pri:0, instance:com.crm.qa.testcases.WithdrawlTest@225129c]" started-at="2024-03-08T20:02:27Z" name="tearDown" finished-at="2024-03-08T20:02:27Z" duration-ms="217" status="PASS">
          <reporter-output>
          </reporter-output>
        </test-method> <!-- tearDown -->
        <test-method is-config="true" signature="teardownBrowser()[pri:0, instance:com.crm.qa.testcases.WithdrawlTest@225129c]" started-at="2024-03-08T20:02:27Z" name="teardownBrowser" finished-at="2024-03-08T20:02:27Z" duration-ms="0" status="PASS">
          <reporter-output>
          </reporter-output>
        </test-method> <!-- teardownBrowser -->
        <test-method is-config="true" signature="setUp()[pri:0, instance:com.crm.qa.testcases.WithdrawlTest@225129c]" started-at="2024-03-08T20:02:27Z" name="setUp" finished-at="2024-03-08T20:02:30Z" duration-ms="3268" status="PASS">
          <reporter-output>
          </reporter-output>
        </test-method> <!-- setUp -->
        <test-method signature="Verify_Withdraw_With_Insufficient()[pri:3, instance:com.crm.qa.testcases.WithdrawlTest@225129c]" started-at="2024-03-08T20:02:30Z" name="Verify_Withdraw_With_Insufficient" finished-at="2024-03-08T20:02:43Z" duration-ms="12788" status="PASS">
          <reporter-output>
          </reporter-output>
        </test-method> <!-- Verify_Withdraw_With_Insufficient -->
        <test-method is-config="true" signature="tearDown()[pri:0, instance:com.crm.qa.testcases.WithdrawlTest@225129c]" started-at="2024-03-08T20:02:43Z" name="tearDown" finished-at="2024-03-08T20:02:43Z" duration-ms="263" status="PASS">
          <reporter-output>
          </reporter-output>
        </test-method> <!-- tearDown -->
        <test-method is-config="true" signature="teardownBrowser()[pri:0, instance:com.crm.qa.testcases.WithdrawlTest@225129c]" started-at="2024-03-08T20:02:43Z" name="teardownBrowser" finished-at="2024-03-08T20:02:43Z" duration-ms="0" status="PASS">
          <reporter-output>
          </reporter-output>
        </test-method> <!-- teardownBrowser -->
      </class> <!-- com.crm.qa.testcases.WithdrawlTest -->
      <class name="com.crm.qa.testcases.OpenAccountPageTest">
        <test-method is-config="true" signature="setUp()[pri:0, instance:com.crm.qa.testcases.OpenAccountPageTest@479ceda0]" started-at="2024-03-08T20:01:20Z" name="setUp" finished-at="2024-03-08T20:01:22Z" duration-ms="2537" status="PASS">
          <reporter-output>
          </reporter-output>
        </test-method> <!-- setUp -->
        <test-method signature="OpenAccount()[pri:1, instance:com.crm.qa.testcases.OpenAccountPageTest@479ceda0]" started-at="2024-03-08T20:01:22Z" name="OpenAccount" finished-at="2024-03-08T20:01:34Z" duration-ms="11836" status="PASS">
          <reporter-output>
          </reporter-output>
        </test-method> <!-- OpenAccount -->
        <test-method is-config="true" signature="tearDown()[pri:0, instance:com.crm.qa.testcases.OpenAccountPageTest@479ceda0]" started-at="2024-03-08T20:01:34Z" name="tearDown" finished-at="2024-03-08T20:01:34Z" duration-ms="303" status="PASS">
          <reporter-output>
          </reporter-output>
        </test-method> <!-- tearDown -->
        <test-method is-config="true" signature="teardownBrowser()[pri:0, instance:com.crm.qa.testcases.OpenAccountPageTest@479ceda0]" started-at="2024-03-08T20:01:34Z" name="teardownBrowser" finished-at="2024-03-08T20:01:34Z" duration-ms="0" status="PASS">
          <reporter-output>
          </reporter-output>
        </test-method> <!-- teardownBrowser -->
      </class> <!-- com.crm.qa.testcases.OpenAccountPageTest -->
    </test> <!-- Test -->
  </suite> <!-- Suite -->
</testng-results>
