<?xml version="1.0" encoding="UTF-8"?>
<testng-results ignored="0" total="12" passed="12" failed="0" skipped="0">
  <reporter-output>
  </reporter-output>
  <suite started-at="2024-03-08T10:56:12Z" name="Suite" finished-at="2024-03-08T10:57:43Z" duration-ms="90751">
    <groups>
    </groups>
    <test started-at="2024-03-08T10:56:12Z" name="Test" finished-at="2024-03-08T10:57:43Z" duration-ms="90751">
      <class name="com.crm.qa.testcases.CustomerLoginTest">
        <test-method is-config="true" signature="setUp()[pri:0, instance:com.crm.qa.testcases.CustomerLoginTest@1984b1f]" started-at="2024-03-08T16:26:19Z" name="setUp" finished-at="2024-03-08T16:26:21Z" duration-ms="1850" status="PASS">
          <reporter-output>
          </reporter-output>
        </test-method> <!-- setUp -->
        <test-method signature="customerlogin()[pri:1, instance:com.crm.qa.testcases.CustomerLoginTest@1984b1f]" started-at="2024-03-08T16:26:21Z" name="customerlogin" finished-at="2024-03-08T16:26:22Z" duration-ms="1266" status="PASS">
          <reporter-output>
          </reporter-output>
        </test-method> <!-- customerlogin -->
        <test-method is-config="true" signature="tearDown()[pri:0, instance:com.crm.qa.testcases.CustomerLoginTest@1984b1f]" started-at="2024-03-08T16:26:22Z" name="tearDown" finished-at="2024-03-08T16:26:22Z" duration-ms="209" status="PASS">
          <reporter-output>
          </reporter-output>
        </test-method> <!-- tearDown -->
        <test-method is-config="true" signature="teardownBrowser()[pri:0, instance:com.crm.qa.testcases.CustomerLoginTest@1984b1f]" started-at="2024-03-08T16:26:22Z" name="teardownBrowser" finished-at="2024-03-08T16:26:22Z" duration-ms="0" status="PASS">
          <reporter-output>
          </reporter-output>
        </test-method> <!-- teardownBrowser -->
      </class> <!-- com.crm.qa.testcases.CustomerLoginTest -->
      <class name="com.crm.qa.testcases.BankManagerLoginPageTest">
        <test-method is-config="true" signature="setUp()[pri:0, instance:com.crm.qa.testcases.BankManagerLoginPageTest@4ff8d125]" started-at="2024-03-08T16:26:12Z" name="setUp" finished-at="2024-03-08T16:26:15Z" duration-ms="3220" status="PASS">
          <reporter-output>
          </reporter-output>
        </test-method> <!-- setUp -->
        <test-method signature="testBankManagerLogin()[pri:0, instance:com.crm.qa.testcases.BankManagerLoginPageTest@4ff8d125]" started-at="2024-03-08T16:26:15Z" name="testBankManagerLogin" finished-at="2024-03-08T16:26:19Z" duration-ms="3534" status="PASS">
          <reporter-output>
          </reporter-output>
        </test-method> <!-- testBankManagerLogin -->
        <test-method is-config="true" signature="tearDown()[pri:0, instance:com.crm.qa.testcases.BankManagerLoginPageTest@4ff8d125]" started-at="2024-03-08T16:26:19Z" name="tearDown" finished-at="2024-03-08T16:26:19Z" duration-ms="319" status="PASS">
          <reporter-output>
          </reporter-output>
        </test-method> <!-- tearDown -->
        <test-method is-config="true" signature="teardownBrowser()[pri:0, instance:com.crm.qa.testcases.BankManagerLoginPageTest@4ff8d125]" started-at="2024-03-08T16:26:19Z" name="teardownBrowser" finished-at="2024-03-08T16:26:19Z" duration-ms="0" status="PASS">
          <reporter-output>
          </reporter-output>
        </test-method> <!-- teardownBrowser -->
      </class> <!-- com.crm.qa.testcases.BankManagerLoginPageTest -->
      <class name="com.crm.qa.testcases.AddCustomerPageTest">
        <test-method is-config="true" signature="setUp()[pri:0, instance:com.crm.qa.testcases.AddCustomerPageTest@6d167f58]" started-at="2024-03-08T16:26:22Z" name="setUp" finished-at="2024-03-08T16:26:25Z" duration-ms="2422" status="PASS">
          <reporter-output>
          </reporter-output>
        </test-method> <!-- setUp -->
        <test-method signature="AddCustomerNotExist()[pri:1, instance:com.crm.qa.testcases.AddCustomerPageTest@6d167f58]" started-at="2024-03-08T16:26:25Z" name="AddCustomerNotExist" finished-at="2024-03-08T16:26:26Z" duration-ms="1007" status="PASS">
          <reporter-output>
          </reporter-output>
        </test-method> <!-- AddCustomerNotExist -->
        <test-method is-config="true" signature="tearDown()[pri:0, instance:com.crm.qa.testcases.AddCustomerPageTest@6d167f58]" started-at="2024-03-08T16:26:26Z" name="tearDown" finished-at="2024-03-08T16:26:26Z" duration-ms="165" status="PASS">
          <reporter-output>
          </reporter-output>
        </test-method> <!-- tearDown -->
        <test-method is-config="true" signature="teardownBrowser()[pri:0, instance:com.crm.qa.testcases.AddCustomerPageTest@6d167f58]" started-at="2024-03-08T16:26:26Z" name="teardownBrowser" finished-at="2024-03-08T16:26:26Z" duration-ms="1" status="PASS">
          <reporter-output>
          </reporter-output>
        </test-method> <!-- teardownBrowser -->
        <test-method is-config="true" signature="setUp()[pri:0, instance:com.crm.qa.testcases.AddCustomerPageTest@6d167f58]" started-at="2024-03-08T16:27:10Z" name="setUp" finished-at="2024-03-08T16:27:12Z" duration-ms="1853" status="PASS">
          <reporter-output>
          </reporter-output>
        </test-method> <!-- setUp -->
        <test-method signature="AddCustomerExist()[pri:2, instance:com.crm.qa.testcases.AddCustomerPageTest@6d167f58]" started-at="2024-03-08T16:27:12Z" name="AddCustomerExist" finished-at="2024-03-08T16:27:14Z" depends-on-methods="com.crm.qa.testcases.AddCustomerPageTest.AddCustomerNotExist" duration-ms="2477" status="PASS">
          <reporter-output>
          </reporter-output>
        </test-method> <!-- AddCustomerExist -->
        <test-method is-config="true" signature="tearDown()[pri:0, instance:com.crm.qa.testcases.AddCustomerPageTest@6d167f58]" started-at="2024-03-08T16:27:14Z" name="tearDown" finished-at="2024-03-08T16:27:15Z" duration-ms="195" status="PASS">
          <reporter-output>
          </reporter-output>
        </test-method> <!-- tearDown -->
        <test-method is-config="true" signature="teardownBrowser()[pri:0, instance:com.crm.qa.testcases.AddCustomerPageTest@6d167f58]" started-at="2024-03-08T16:27:15Z" name="teardownBrowser" finished-at="2024-03-08T16:27:15Z" duration-ms="0" status="PASS">
          <reporter-output>
          </reporter-output>
        </test-method> <!-- teardownBrowser -->
      </class> <!-- com.crm.qa.testcases.AddCustomerPageTest -->
      <class name="com.crm.qa.testcases.ViewCustomersPageTest">
        <test-method is-config="true" signature="setUp()[pri:0, instance:com.crm.qa.testcases.ViewCustomersPageTest@65b104b9]" started-at="2024-03-08T16:26:48Z" name="setUp" finished-at="2024-03-08T16:26:50Z" duration-ms="2343" status="PASS">
          <reporter-output>
          </reporter-output>
        </test-method> <!-- setUp -->
        <test-method signature="DeleteCustomerEntry()[pri:1, instance:com.crm.qa.testcases.ViewCustomersPageTest@65b104b9]" started-at="2024-03-08T16:26:50Z" name="DeleteCustomerEntry" finished-at="2024-03-08T16:26:51Z" duration-ms="708" status="PASS">
          <reporter-output>
          </reporter-output>
        </test-method> <!-- DeleteCustomerEntry -->
        <test-method is-config="true" signature="tearDown()[pri:0, instance:com.crm.qa.testcases.ViewCustomersPageTest@65b104b9]" started-at="2024-03-08T16:26:51Z" name="tearDown" finished-at="2024-03-08T16:26:51Z" duration-ms="188" status="PASS">
          <reporter-output>
          </reporter-output>
        </test-method> <!-- tearDown -->
        <test-method is-config="true" signature="teardownBrowser()[pri:0, instance:com.crm.qa.testcases.ViewCustomersPageTest@65b104b9]" started-at="2024-03-08T16:26:51Z" name="teardownBrowser" finished-at="2024-03-08T16:26:51Z" duration-ms="0" status="PASS">
          <reporter-output>
          </reporter-output>
        </test-method> <!-- teardownBrowser -->
      </class> <!-- com.crm.qa.testcases.ViewCustomersPageTest -->
      <class name="com.crm.qa.testcases.TransactionPageTest">
        <test-method is-config="true" signature="setUp()[pri:0, instance:com.crm.qa.testcases.TransactionPageTest@3bd323e9]" started-at="2024-03-08T16:26:26Z" name="setUp" finished-at="2024-03-08T16:26:28Z" duration-ms="2282" status="PASS">
          <reporter-output>
          </reporter-output>
        </test-method> <!-- setUp -->
        <test-method signature="Verify_Deposit_With_ValideAmmount()[pri:1, instance:com.crm.qa.testcases.TransactionPageTest@3bd323e9]" started-at="2024-03-08T16:26:28Z" name="Verify_Deposit_With_ValideAmmount" finished-at="2024-03-08T16:26:29Z" duration-ms="1005" status="PASS">
          <reporter-output>
          </reporter-output>
        </test-method> <!-- Verify_Deposit_With_ValideAmmount -->
        <test-method is-config="true" signature="tearDown()[pri:0, instance:com.crm.qa.testcases.TransactionPageTest@3bd323e9]" started-at="2024-03-08T16:26:29Z" name="tearDown" finished-at="2024-03-08T16:26:29Z" duration-ms="174" status="PASS">
          <reporter-output>
          </reporter-output>
        </test-method> <!-- tearDown -->
        <test-method is-config="true" signature="teardownBrowser()[pri:0, instance:com.crm.qa.testcases.TransactionPageTest@3bd323e9]" started-at="2024-03-08T16:26:29Z" name="teardownBrowser" finished-at="2024-03-08T16:26:29Z" duration-ms="0" status="PASS">
          <reporter-output>
          </reporter-output>
        </test-method> <!-- teardownBrowser -->
      </class> <!-- com.crm.qa.testcases.TransactionPageTest -->
      <class name="com.crm.qa.testcases.DepositTest">
        <test-method is-config="true" signature="setUp()[pri:0, instance:com.crm.qa.testcases.DepositTest@39ac0c0a]" started-at="2024-03-08T16:26:43Z" name="setUp" finished-at="2024-03-08T16:26:46Z" duration-ms="3019" status="PASS">
          <reporter-output>
          </reporter-output>
        </test-method> <!-- setUp -->
        <test-method signature="VerifyDepositWithValidAmount()[pri:1, instance:com.crm.qa.testcases.DepositTest@39ac0c0a]" started-at="2024-03-08T16:26:46Z" name="VerifyDepositWithValidAmount" finished-at="2024-03-08T16:26:48Z" duration-ms="1907" status="PASS">
          <reporter-output>
          </reporter-output>
        </test-method> <!-- VerifyDepositWithValidAmount -->
        <test-method is-config="true" signature="tearDown()[pri:0, instance:com.crm.qa.testcases.DepositTest@39ac0c0a]" started-at="2024-03-08T16:26:48Z" name="tearDown" finished-at="2024-03-08T16:26:48Z" duration-ms="173" status="PASS">
          <reporter-output>
          </reporter-output>
        </test-method> <!-- tearDown -->
        <test-method is-config="true" signature="teardownBrowser()[pri:0, instance:com.crm.qa.testcases.DepositTest@39ac0c0a]" started-at="2024-03-08T16:26:48Z" name="teardownBrowser" finished-at="2024-03-08T16:26:48Z" duration-ms="0" status="PASS">
          <reporter-output>
          </reporter-output>
        </test-method> <!-- teardownBrowser -->
        <test-method is-config="true" signature="setUp()[pri:0, instance:com.crm.qa.testcases.DepositTest@39ac0c0a]" started-at="2024-03-08T16:27:05Z" name="setUp" finished-at="2024-03-08T16:27:08Z" duration-ms="2702" status="PASS">
          <reporter-output>
          </reporter-output>
        </test-method> <!-- setUp -->
        <test-method signature="VerifyDepositWithInvalidAmount()[pri:2, instance:com.crm.qa.testcases.DepositTest@39ac0c0a]" started-at="2024-03-08T16:27:08Z" name="VerifyDepositWithInvalidAmount" finished-at="2024-03-08T16:27:10Z" duration-ms="1903" status="PASS">
          <reporter-output>
          </reporter-output>
        </test-method> <!-- VerifyDepositWithInvalidAmount -->
        <test-method is-config="true" signature="tearDown()[pri:0, instance:com.crm.qa.testcases.DepositTest@39ac0c0a]" started-at="2024-03-08T16:27:10Z" name="tearDown" finished-at="2024-03-08T16:27:10Z" duration-ms="201" status="PASS">
          <reporter-output>
          </reporter-output>
        </test-method> <!-- tearDown -->
        <test-method is-config="true" signature="teardownBrowser()[pri:0, instance:com.crm.qa.testcases.DepositTest@39ac0c0a]" started-at="2024-03-08T16:27:10Z" name="teardownBrowser" finished-at="2024-03-08T16:27:10Z" duration-ms="0" status="PASS">
          <reporter-output>
          </reporter-output>
        </test-method> <!-- teardownBrowser -->
      </class> <!-- com.crm.qa.testcases.DepositTest -->
      <class name="com.crm.qa.testcases.WithdrawlTest">
        <test-method is-config="true" signature="setUp()[pri:0, instance:com.crm.qa.testcases.WithdrawlTest@c7ba306]" started-at="2024-03-08T16:26:51Z" name="setUp" finished-at="2024-03-08T16:26:53Z" duration-ms="2326" status="PASS">
          <reporter-output>
          </reporter-output>
        </test-method> <!-- setUp -->
        <test-method signature="Verify_Withdraw_With_ValideAmmount()[pri:1, instance:com.crm.qa.testcases.WithdrawlTest@c7ba306]" started-at="2024-03-08T16:26:53Z" name="Verify_Withdraw_With_ValideAmmount" finished-at="2024-03-08T16:27:05Z" duration-ms="11787" status="PASS">
          <reporter-output>
          </reporter-output>
        </test-method> <!-- Verify_Withdraw_With_ValideAmmount -->
        <test-method is-config="true" signature="tearDown()[pri:0, instance:com.crm.qa.testcases.WithdrawlTest@c7ba306]" started-at="2024-03-08T16:27:05Z" name="tearDown" finished-at="2024-03-08T16:27:05Z" duration-ms="229" status="PASS">
          <reporter-output>
          </reporter-output>
        </test-method> <!-- tearDown -->
        <test-method is-config="true" signature="teardownBrowser()[pri:0, instance:com.crm.qa.testcases.WithdrawlTest@c7ba306]" started-at="2024-03-08T16:27:05Z" name="teardownBrowser" finished-at="2024-03-08T16:27:05Z" duration-ms="0" status="PASS">
          <reporter-output>
          </reporter-output>
        </test-method> <!-- teardownBrowser -->
        <test-method is-config="true" signature="setUp()[pri:0, instance:com.crm.qa.testcases.WithdrawlTest@c7ba306]" started-at="2024-03-08T16:27:15Z" name="setUp" finished-at="2024-03-08T16:27:17Z" duration-ms="2719" status="PASS">
          <reporter-output>
          </reporter-output>
        </test-method> <!-- setUp -->
        <test-method signature="Verify_Withdraw_With_InValideAmmount()[pri:2, instance:com.crm.qa.testcases.WithdrawlTest@c7ba306]" started-at="2024-03-08T16:27:17Z" name="Verify_Withdraw_With_InValideAmmount" finished-at="2024-03-08T16:27:28Z" duration-ms="10795" status="PASS">
          <reporter-output>
          </reporter-output>
        </test-method> <!-- Verify_Withdraw_With_InValideAmmount -->
        <test-method is-config="true" signature="tearDown()[pri:0, instance:com.crm.qa.testcases.WithdrawlTest@c7ba306]" started-at="2024-03-08T16:27:28Z" name="tearDown" finished-at="2024-03-08T16:27:28Z" duration-ms="198" status="PASS">
          <reporter-output>
          </reporter-output>
        </test-method> <!-- tearDown -->
        <test-method is-config="true" signature="teardownBrowser()[pri:0, instance:com.crm.qa.testcases.WithdrawlTest@c7ba306]" started-at="2024-03-08T16:27:28Z" name="teardownBrowser" finished-at="2024-03-08T16:27:28Z" duration-ms="0" status="PASS">
          <reporter-output>
          </reporter-output>
        </test-method> <!-- teardownBrowser -->
        <test-method is-config="true" signature="setUp()[pri:0, instance:com.crm.qa.testcases.WithdrawlTest@c7ba306]" started-at="2024-03-08T16:27:28Z" name="setUp" finished-at="2024-03-08T16:27:31Z" duration-ms="2334" status="PASS">
          <reporter-output>
          </reporter-output>
        </test-method> <!-- setUp -->
        <test-method signature="Verify_Withdraw_With_InSufficient()[pri:3, instance:com.crm.qa.testcases.WithdrawlTest@c7ba306]" started-at="2024-03-08T16:27:31Z" name="Verify_Withdraw_With_InSufficient" finished-at="2024-03-08T16:27:43Z" duration-ms="11786" status="PASS">
          <reporter-output>
          </reporter-output>
        </test-method> <!-- Verify_Withdraw_With_InSufficient -->
        <test-method is-config="true" signature="tearDown()[pri:0, instance:com.crm.qa.testcases.WithdrawlTest@c7ba306]" started-at="2024-03-08T16:27:43Z" name="tearDown" finished-at="2024-03-08T16:27:43Z" duration-ms="196" status="PASS">
          <reporter-output>
          </reporter-output>
        </test-method> <!-- tearDown -->
        <test-method is-config="true" signature="teardownBrowser()[pri:0, instance:com.crm.qa.testcases.WithdrawlTest@c7ba306]" started-at="2024-03-08T16:27:43Z" name="teardownBrowser" finished-at="2024-03-08T16:27:43Z" duration-ms="0" status="PASS">
          <reporter-output>
          </reporter-output>
        </test-method> <!-- teardownBrowser -->
      </class> <!-- com.crm.qa.testcases.WithdrawlTest -->
      <class name="com.crm.qa.testcases.OpenAccountPageTest">
        <test-method is-config="true" signature="setUp()[pri:0, instance:com.crm.qa.testcases.OpenAccountPageTest@3403e2ac]" started-at="2024-03-08T16:26:29Z" name="setUp" finished-at="2024-03-08T16:26:31Z" duration-ms="1943" status="PASS">
          <reporter-output>
          </reporter-output>
        </test-method> <!-- setUp -->
        <test-method signature="OpenAccount()[pri:1, instance:com.crm.qa.testcases.OpenAccountPageTest@3403e2ac]" started-at="2024-03-08T16:26:31Z" name="OpenAccount" finished-at="2024-03-08T16:26:42Z" duration-ms="11046" status="PASS">
          <reporter-output>
          </reporter-output>
        </test-method> <!-- OpenAccount -->
        <test-method is-config="true" signature="tearDown()[pri:0, instance:com.crm.qa.testcases.OpenAccountPageTest@3403e2ac]" started-at="2024-03-08T16:26:42Z" name="tearDown" finished-at="2024-03-08T16:26:43Z" duration-ms="230" status="PASS">
          <reporter-output>
          </reporter-output>
        </test-method> <!-- tearDown -->
        <test-method is-config="true" signature="teardownBrowser()[pri:0, instance:com.crm.qa.testcases.OpenAccountPageTest@3403e2ac]" started-at="2024-03-08T16:26:43Z" name="teardownBrowser" finished-at="2024-03-08T16:26:43Z" duration-ms="1" status="PASS">
          <reporter-output>
          </reporter-output>
        </test-method> <!-- teardownBrowser -->
      </class> <!-- com.crm.qa.testcases.OpenAccountPageTest -->
    </test> <!-- Test -->
  </suite> <!-- Suite -->
</testng-results>
